<?xml version="1.0" encoding="UTF-8"?>
<!-- Generated by org.testng.reporters.JUnitXMLReporter -->
<testsuite ignored="0" hostname="ViridianGaming" failures="0" tests="4" name="Positive Tests" time="7.576" errors="0" timestamp="2024-08-23T01:50:31 IST">
  <testcase classname="viridiantooth34.tests.StandAloneTest" name="mainTest" time="5.73"/>
  <testcase classname="viridiantooth34.tests.StandAloneTest" name="ocheckDataProvider" time="0.0"/>
  <testcase classname="viridiantooth34.tests.StandAloneTest" name="ocheckDataProvider" time="0.0"/>
  <testcase classname="viridiantooth34.tests.StandAloneTest" name="ocheckDataProvider" time="0.0"/>
</testsuite> <!-- Positive Tests -->
