<?xml version="1.0" encoding="UTF-8"?>
<!-- Generated by org.testng.reporters.JUnitXMLReporter -->
<testsuite ignored="2" hostname="ViridianGaming" failures="0" tests="2" name="Validation of Cart" time="13.077" errors="0" timestamp="2024-08-23T00:02:49 IST">
  <testcase classname="viridiantooth34.tests.ErrorValidationTest" name="NegativeTest" time="5.483"/>
  <testcase classname="viridiantooth34.tests.StandAloneTest" name="mainTest" time="5.662"/>
  <testcase classname="viridiantooth34.TestComponents.BaseTest" name="@AfterTest tearDown" time="0.0">
    <ignored/>
  </testcase> <!-- @AfterTest tearDown -->
  <testcase classname="viridiantooth34.TestComponents.BaseTest" name="@BeforeTest setUp" time="0.0">
    <ignored/>
  </testcase> <!-- @BeforeTest setUp -->
</testsuite> <!-- Validation of Cart -->
