<?xml version="1.0" encoding="UTF-8"?>
<!-- Generated by org.testng.reporters.JUnitXMLReporter -->
<testsuite ignored="0" hostname="ViridianGaming" failures="0" tests="4" name="Default test" time="11.172" errors="0" timestamp="2024-08-23T02:05:08 IST">
  <testcase classname="viridiantooth34.tests.StandAloneTest" name="mainTest" time="7.725"/>
  <testcase classname="viridiantooth34.tests.StandAloneTest" name="ocheckDataProvider" time="0.001"/>
  <testcase classname="viridiantooth34.tests.StandAloneTest" name="ocheckDataProvider" time="0.0"/>
  <testcase classname="viridiantooth34.tests.StandAloneTest" name="ocheckDataProvider" time="0.0"/>
</testsuite> <!-- Default test -->
